2021-07-23 01:52:29.350 - INFO - 5292 - azureml.train.automl._experiment_drivers.driver_utilities.modify_run_configuration:199 - Package azureml-train-automl missing from dependencies file.
2021-07-23 01:52:29.351 - INFO - 5292 - azureml.train.automl._experiment_drivers.driver_utilities.modify_run_configuration:205 - Using pinned version: azureml-train-automl==1.31.0.*
2021-07-23 01:52:29.351 - INFO - 5292 - azureml.train.automl._experiment_drivers.driver_utilities.modify_run_configuration:199 - Package pandas missing from dependencies file.
2021-07-23 01:52:29.351 - INFO - 5292 - azureml.train.automl._experiment_drivers.driver_utilities.modify_run_configuration:205 - Using pinned version: pandas==0.25.1
2021-07-23 01:52:29.352 - INFO - 5292 - azureml.train.automl._experiment_drivers.driver_utilities.modify_run_configuration:199 - Package psutil missing from dependencies file.
2021-07-23 01:52:29.352 - INFO - 5292 - azureml.train.automl._experiment_drivers.driver_utilities.modify_run_configuration:205 - Using pinned version: psutil>5.0.0,<6.0.0
2021-07-23 01:52:29.352 - INFO - 5292 - azureml.train.automl._experiment_drivers.driver_utilities.modify_run_configuration:199 - Package scikit-learn missing from dependencies file.
2021-07-23 01:52:29.352 - INFO - 5292 - azureml.train.automl._experiment_drivers.driver_utilities.modify_run_configuration:205 - Using pinned version: scikit-learn==0.22.1
2021-07-23 01:52:29.353 - INFO - 5292 - azureml.train.automl._experiment_drivers.driver_utilities.modify_run_configuration:199 - Package numpy missing from dependencies file.
2021-07-23 01:52:29.353 - INFO - 5292 - azureml.train.automl._experiment_drivers.driver_utilities.modify_run_configuration:205 - Using pinned version: numpy~=1.18.0
2021-07-23 01:52:29.353 - INFO - 5292 - azureml.train.automl._experiment_drivers.driver_utilities.modify_run_configuration:199 - Package py-xgboost missing from dependencies file.
2021-07-23 01:52:29.353 - INFO - 5292 - azureml.train.automl._experiment_drivers.driver_utilities.modify_run_configuration:205 - Using pinned version: py-xgboost<=0.90
2021-07-23 01:52:29.354 - INFO - 5292 - azureml.train.automl._experiment_drivers.driver_utilities.modify_run_configuration:199 - Package inference-schema missing from dependencies file.
2021-07-23 01:52:29.354 - INFO - 5292 - azureml.train.automl._experiment_drivers.driver_utilities.modify_run_configuration:199 - Package fbprophet missing from dependencies file.
2021-07-23 01:52:29.354 - INFO - 5292 - azureml.train.automl._experiment_drivers.driver_utilities.modify_run_configuration:205 - Using pinned version: fbprophet==0.5
2021-07-23 01:52:29.354 - INFO - 5292 - azureml.train.automl._experiment_drivers.driver_utilities.modify_run_configuration:199 - Package setuptools-git missing from dependencies file.
2021-07-23 01:52:29.355 - INFO - 5292 - azureml.train.automl._experiment_drivers.driver_utilities.modify_run_configuration:209 - Using installed version: setuptools-git==1.2
2021-07-23 01:52:29.373 - INFO - 5292 - azureml.automl.core.dataset_utilities._save_datasets_to_json:131 - JSON serialization of input of type <class 'NoneType'> is un-supported.
2021-07-23 01:52:29.373 - INFO - 5292 - azureml.automl.core.dataset_utilities._save_datasets_to_json:131 - JSON serialization of input of type <class 'NoneType'> is un-supported.
2021-07-23 01:52:29.374 - INFO - 5292 - azureml.train.automl._experiment_drivers.driver_utilities.validate_input:124 - Start data validation.
2021-07-23 01:53:19.520 - INFO - 5292 - azureml.train.automl._experiment_drivers.driver_utilities.modify_run_configuration:199 - Package azureml-train-automl missing from dependencies file.
2021-07-23 01:53:19.531 - INFO - 5292 - azureml.train.automl._experiment_drivers.driver_utilities.modify_run_configuration:205 - Using pinned version: azureml-train-automl==1.31.0.*
2021-07-23 01:53:19.535 - INFO - 5292 - azureml.train.automl._experiment_drivers.driver_utilities.modify_run_configuration:199 - Package pandas missing from dependencies file.
2021-07-23 01:53:19.588 - INFO - 5292 - azureml.train.automl._experiment_drivers.driver_utilities.modify_run_configuration:205 - Using pinned version: pandas==0.25.1
2021-07-23 01:53:19.593 - INFO - 5292 - azureml.train.automl._experiment_drivers.driver_utilities.modify_run_configuration:199 - Package psutil missing from dependencies file.
2021-07-23 01:53:19.594 - INFO - 5292 - azureml.train.automl._experiment_drivers.driver_utilities.modify_run_configuration:205 - Using pinned version: psutil>5.0.0,<6.0.0
2021-07-23 01:53:19.594 - INFO - 5292 - azureml.train.automl._experiment_drivers.driver_utilities.modify_run_configuration:199 - Package scikit-learn missing from dependencies file.
2021-07-23 01:53:19.594 - INFO - 5292 - azureml.train.automl._experiment_drivers.driver_utilities.modify_run_configuration:205 - Using pinned version: scikit-learn==0.22.1
2021-07-23 01:53:19.595 - INFO - 5292 - azureml.train.automl._experiment_drivers.driver_utilities.modify_run_configuration:199 - Package numpy missing from dependencies file.
2021-07-23 01:53:19.595 - INFO - 5292 - azureml.train.automl._experiment_drivers.driver_utilities.modify_run_configuration:205 - Using pinned version: numpy~=1.18.0
2021-07-23 01:53:19.595 - INFO - 5292 - azureml.train.automl._experiment_drivers.driver_utilities.modify_run_configuration:199 - Package py-xgboost missing from dependencies file.
2021-07-23 01:53:19.596 - INFO - 5292 - azureml.train.automl._experiment_drivers.driver_utilities.modify_run_configuration:205 - Using pinned version: py-xgboost<=0.90
2021-07-23 01:53:19.596 - INFO - 5292 - azureml.train.automl._experiment_drivers.driver_utilities.modify_run_configuration:199 - Package inference-schema missing from dependencies file.
2021-07-23 01:53:19.597 - INFO - 5292 - azureml.train.automl._experiment_drivers.driver_utilities.modify_run_configuration:199 - Package fbprophet missing from dependencies file.
2021-07-23 01:53:19.597 - INFO - 5292 - azureml.train.automl._experiment_drivers.driver_utilities.modify_run_configuration:205 - Using pinned version: fbprophet==0.5
2021-07-23 01:53:19.598 - INFO - 5292 - azureml.train.automl._experiment_drivers.driver_utilities.modify_run_configuration:199 - Package setuptools-git missing from dependencies file.
2021-07-23 01:53:19.598 - INFO - 5292 - azureml.train.automl._experiment_drivers.driver_utilities.modify_run_configuration:209 - Using installed version: setuptools-git==1.2
2021-07-23 01:53:19.598 - INFO - 5292 - azureml.automl.core.dataset_utilities._save_datasets_to_json:131 - JSON serialization of input of type <class 'NoneType'> is un-supported.
2021-07-23 01:53:19.599 - INFO - 5292 - azureml.automl.core.dataset_utilities._save_datasets_to_json:131 - JSON serialization of input of type <class 'NoneType'> is un-supported.
2021-07-23 01:53:19.599 - INFO - 5292 - azureml.train.automl._experiment_drivers.driver_utilities.validate_input:124 - Start data validation.
2021-07-23 01:53:59.932 - INFO - 5292 - azureml.train.automl._experiment_drivers.driver_utilities.modify_run_configuration:199 - Package azureml-train-automl missing from dependencies file.
2021-07-23 01:53:59.938 - INFO - 5292 - azureml.train.automl._experiment_drivers.driver_utilities.modify_run_configuration:205 - Using pinned version: azureml-train-automl==1.31.0.*
2021-07-23 01:53:59.944 - INFO - 5292 - azureml.train.automl._experiment_drivers.driver_utilities.modify_run_configuration:199 - Package pandas missing from dependencies file.
2021-07-23 01:53:59.949 - INFO - 5292 - azureml.train.automl._experiment_drivers.driver_utilities.modify_run_configuration:205 - Using pinned version: pandas==0.25.1
2021-07-23 01:53:59.954 - INFO - 5292 - azureml.train.automl._experiment_drivers.driver_utilities.modify_run_configuration:199 - Package psutil missing from dependencies file.
2021-07-23 01:53:59.959 - INFO - 5292 - azureml.train.automl._experiment_drivers.driver_utilities.modify_run_configuration:205 - Using pinned version: psutil>5.0.0,<6.0.0
2021-07-23 01:53:59.963 - INFO - 5292 - azureml.train.automl._experiment_drivers.driver_utilities.modify_run_configuration:199 - Package scikit-learn missing from dependencies file.
2021-07-23 01:53:59.968 - INFO - 5292 - azureml.train.automl._experiment_drivers.driver_utilities.modify_run_configuration:205 - Using pinned version: scikit-learn==0.22.1
2021-07-23 01:53:59.968 - INFO - 5292 - azureml.train.automl._experiment_drivers.driver_utilities.modify_run_configuration:199 - Package numpy missing from dependencies file.
2021-07-23 01:53:59.968 - INFO - 5292 - azureml.train.automl._experiment_drivers.driver_utilities.modify_run_configuration:205 - Using pinned version: numpy~=1.18.0
2021-07-23 01:53:59.968 - INFO - 5292 - azureml.train.automl._experiment_drivers.driver_utilities.modify_run_configuration:199 - Package py-xgboost missing from dependencies file.
2021-07-23 01:53:59.969 - INFO - 5292 - azureml.train.automl._experiment_drivers.driver_utilities.modify_run_configuration:205 - Using pinned version: py-xgboost<=0.90
2021-07-23 01:53:59.969 - INFO - 5292 - azureml.train.automl._experiment_drivers.driver_utilities.modify_run_configuration:199 - Package inference-schema missing from dependencies file.
2021-07-23 01:53:59.969 - INFO - 5292 - azureml.train.automl._experiment_drivers.driver_utilities.modify_run_configuration:199 - Package fbprophet missing from dependencies file.
2021-07-23 01:53:59.969 - INFO - 5292 - azureml.train.automl._experiment_drivers.driver_utilities.modify_run_configuration:205 - Using pinned version: fbprophet==0.5
2021-07-23 01:53:59.970 - INFO - 5292 - azureml.train.automl._experiment_drivers.driver_utilities.modify_run_configuration:199 - Package setuptools-git missing from dependencies file.
2021-07-23 01:53:59.970 - INFO - 5292 - azureml.train.automl._experiment_drivers.driver_utilities.modify_run_configuration:209 - Using installed version: setuptools-git==1.2
2021-07-23 01:53:59.971 - INFO - 5292 - azureml.automl.core.dataset_utilities._save_datasets_to_json:131 - JSON serialization of input of type <class 'NoneType'> is un-supported.
2021-07-23 01:53:59.971 - INFO - 5292 - azureml.automl.core.dataset_utilities._save_datasets_to_json:131 - JSON serialization of input of type <class 'NoneType'> is un-supported.
2021-07-23 01:53:59.972 - INFO - 5292 - azureml.train.automl._experiment_drivers.driver_utilities.validate_input:124 - Start data validation.
2021-07-23 01:54:02.222 - INFO - 5292 - azureml.train.automl._experiment_drivers.driver_utilities.validate_input:137 - Validation service found the data has no errors.
2021-07-23 01:54:02.223 - INFO - 5292 - azureml.train.automl._experiment_drivers.driver_utilities.create_remote_parent_run:381 - Start creating parent run.
2021-07-23 01:54:02.429 - INFO - 5292 - azureml.train.automl._experiment_drivers.driver_utilities.create_remote_parent_run:401 - [ParentRunID:AutoML_7824abb5-d5cc-4883-87d9-dcbcab771a9a] Remote run using input X and y.
2021-07-23 01:54:02.635 - INFO - 5292 - azureml.train.automl._experiment_drivers.driver_utilities.start_remote_run:336 - Starting a snapshot run (snapshot_id : None)
2021-07-23 02:23:01.966 - INFO - 5292 - azureml.automl.runtime.distributed.utilities.horovod_initialized:70 - Horovod not found in current environment. Distribution via Horovod will be disabled.
2021-07-27 13:33:33.328 - INFO - 3987 - azureml.train.automl._experiment_drivers.driver_utilities.modify_run_configuration:199 - Package azureml-train-automl missing from dependencies file.
2021-07-27 13:33:33.445 - INFO - 3987 - azureml.train.automl._experiment_drivers.driver_utilities.modify_run_configuration:205 - Using pinned version: azureml-train-automl==1.31.0.*
2021-07-27 13:33:33.451 - INFO - 3987 - azureml.train.automl._experiment_drivers.driver_utilities.modify_run_configuration:199 - Package pandas missing from dependencies file.
2021-07-27 13:33:33.456 - INFO - 3987 - azureml.train.automl._experiment_drivers.driver_utilities.modify_run_configuration:205 - Using pinned version: pandas==0.25.1
2021-07-27 13:33:33.461 - INFO - 3987 - azureml.train.automl._experiment_drivers.driver_utilities.modify_run_configuration:199 - Package psutil missing from dependencies file.
2021-07-27 13:33:33.467 - INFO - 3987 - azureml.train.automl._experiment_drivers.driver_utilities.modify_run_configuration:205 - Using pinned version: psutil>5.0.0,<6.0.0
2021-07-27 13:33:33.473 - INFO - 3987 - azureml.train.automl._experiment_drivers.driver_utilities.modify_run_configuration:199 - Package scikit-learn missing from dependencies file.
2021-07-27 13:33:33.473 - INFO - 3987 - azureml.train.automl._experiment_drivers.driver_utilities.modify_run_configuration:205 - Using pinned version: scikit-learn==0.22.1
2021-07-27 13:33:33.473 - INFO - 3987 - azureml.train.automl._experiment_drivers.driver_utilities.modify_run_configuration:199 - Package numpy missing from dependencies file.
2021-07-27 13:33:33.474 - INFO - 3987 - azureml.train.automl._experiment_drivers.driver_utilities.modify_run_configuration:205 - Using pinned version: numpy~=1.18.0
2021-07-27 13:33:33.474 - INFO - 3987 - azureml.train.automl._experiment_drivers.driver_utilities.modify_run_configuration:199 - Package py-xgboost missing from dependencies file.
2021-07-27 13:33:33.474 - INFO - 3987 - azureml.train.automl._experiment_drivers.driver_utilities.modify_run_configuration:205 - Using pinned version: py-xgboost<=0.90
2021-07-27 13:33:33.474 - INFO - 3987 - azureml.train.automl._experiment_drivers.driver_utilities.modify_run_configuration:199 - Package inference-schema missing from dependencies file.
2021-07-27 13:33:33.475 - INFO - 3987 - azureml.train.automl._experiment_drivers.driver_utilities.modify_run_configuration:199 - Package fbprophet missing from dependencies file.
2021-07-27 13:33:33.475 - INFO - 3987 - azureml.train.automl._experiment_drivers.driver_utilities.modify_run_configuration:205 - Using pinned version: fbprophet==0.5
2021-07-27 13:33:33.475 - INFO - 3987 - azureml.train.automl._experiment_drivers.driver_utilities.modify_run_configuration:199 - Package setuptools-git missing from dependencies file.
2021-07-27 13:33:33.475 - INFO - 3987 - azureml.train.automl._experiment_drivers.driver_utilities.modify_run_configuration:209 - Using installed version: setuptools-git==1.2
2021-07-27 13:33:33.476 - INFO - 3987 - azureml.automl.core.dataset_utilities._save_datasets_to_json:131 - JSON serialization of input of type <class 'NoneType'> is un-supported.
2021-07-27 13:33:33.476 - INFO - 3987 - azureml.automl.core.dataset_utilities._save_datasets_to_json:131 - JSON serialization of input of type <class 'NoneType'> is un-supported.
2021-07-27 13:33:33.477 - INFO - 3987 - azureml.train.automl._experiment_drivers.driver_utilities.validate_input:124 - Start data validation.
2021-07-27 13:33:34.964 - INFO - 3987 - azureml.train.automl._experiment_drivers.driver_utilities.validate_input:137 - Validation service found the data has no errors.
2021-07-27 13:33:34.965 - INFO - 3987 - azureml.train.automl._experiment_drivers.driver_utilities.create_remote_parent_run:381 - Start creating parent run.
2021-07-27 13:33:35.209 - INFO - 3987 - azureml.train.automl._experiment_drivers.driver_utilities.create_remote_parent_run:401 - [ParentRunID:AutoML_fb01e616-3472-444a-9e60-8fb471a0fa75] Remote run using input X and y.
2021-07-27 13:33:35.516 - INFO - 3987 - azureml.train.automl._experiment_drivers.driver_utilities.start_remote_run:336 - Starting a snapshot run (snapshot_id : None)
2021-07-27 13:33:49.934 - INFO - 3987 - azureml.automl.runtime.distributed.utilities.horovod_initialized:70 - Horovod not found in current environment. Distribution via Horovod will be disabled.
2021-07-27 17:56:48.531 - INFO - 1115 - azureml.train.automl._experiment_drivers.driver_utilities.modify_run_configuration:199 - Package azureml-train-automl missing from dependencies file.
2021-07-27 17:56:48.583 - INFO - 1115 - azureml.train.automl._experiment_drivers.driver_utilities.modify_run_configuration:205 - Using pinned version: azureml-train-automl==1.31.0.*
2021-07-27 17:56:48.589 - INFO - 1115 - azureml.train.automl._experiment_drivers.driver_utilities.modify_run_configuration:199 - Package pandas missing from dependencies file.
2021-07-27 17:56:48.595 - INFO - 1115 - azureml.train.automl._experiment_drivers.driver_utilities.modify_run_configuration:205 - Using pinned version: pandas==0.25.1
2021-07-27 17:56:48.600 - INFO - 1115 - azureml.train.automl._experiment_drivers.driver_utilities.modify_run_configuration:199 - Package psutil missing from dependencies file.
2021-07-27 17:56:48.600 - INFO - 1115 - azureml.train.automl._experiment_drivers.driver_utilities.modify_run_configuration:205 - Using pinned version: psutil>5.0.0,<6.0.0
2021-07-27 17:56:48.600 - INFO - 1115 - azureml.train.automl._experiment_drivers.driver_utilities.modify_run_configuration:199 - Package scikit-learn missing from dependencies file.
2021-07-27 17:56:48.600 - INFO - 1115 - azureml.train.automl._experiment_drivers.driver_utilities.modify_run_configuration:205 - Using pinned version: scikit-learn==0.22.1
2021-07-27 17:56:48.601 - INFO - 1115 - azureml.train.automl._experiment_drivers.driver_utilities.modify_run_configuration:199 - Package numpy missing from dependencies file.
2021-07-27 17:56:48.601 - INFO - 1115 - azureml.train.automl._experiment_drivers.driver_utilities.modify_run_configuration:205 - Using pinned version: numpy~=1.18.0
2021-07-27 17:56:48.601 - INFO - 1115 - azureml.train.automl._experiment_drivers.driver_utilities.modify_run_configuration:199 - Package py-xgboost missing from dependencies file.
2021-07-27 17:56:48.602 - INFO - 1115 - azureml.train.automl._experiment_drivers.driver_utilities.modify_run_configuration:205 - Using pinned version: py-xgboost<=0.90
2021-07-27 17:56:48.602 - INFO - 1115 - azureml.train.automl._experiment_drivers.driver_utilities.modify_run_configuration:199 - Package inference-schema missing from dependencies file.
2021-07-27 17:56:48.602 - INFO - 1115 - azureml.train.automl._experiment_drivers.driver_utilities.modify_run_configuration:199 - Package fbprophet missing from dependencies file.
2021-07-27 17:56:48.603 - INFO - 1115 - azureml.train.automl._experiment_drivers.driver_utilities.modify_run_configuration:205 - Using pinned version: fbprophet==0.5
2021-07-27 17:56:48.603 - INFO - 1115 - azureml.train.automl._experiment_drivers.driver_utilities.modify_run_configuration:199 - Package setuptools-git missing from dependencies file.
2021-07-27 17:56:48.603 - INFO - 1115 - azureml.train.automl._experiment_drivers.driver_utilities.modify_run_configuration:209 - Using installed version: setuptools-git==1.2
2021-07-27 17:56:48.613 - INFO - 1115 - azureml.automl.core.dataset_utilities._save_datasets_to_json:131 - JSON serialization of input of type <class 'NoneType'> is un-supported.
2021-07-27 17:56:48.613 - INFO - 1115 - azureml.automl.core.dataset_utilities._save_datasets_to_json:131 - JSON serialization of input of type <class 'NoneType'> is un-supported.
2021-07-27 17:56:48.614 - INFO - 1115 - azureml.train.automl._experiment_drivers.driver_utilities.validate_input:124 - Start data validation.
2021-07-27 17:56:50.643 - INFO - 1115 - azureml.train.automl._experiment_drivers.driver_utilities.validate_input:137 - Validation service found the data has no errors.
2021-07-27 17:56:50.644 - INFO - 1115 - azureml.train.automl._experiment_drivers.driver_utilities.create_remote_parent_run:381 - Start creating parent run.
2021-07-27 17:56:50.914 - INFO - 1115 - azureml.train.automl._experiment_drivers.driver_utilities.create_remote_parent_run:401 - [ParentRunID:AutoML_6820cb8a-2e38-4836-863e-610e54f15f82] Remote run using input X and y.
2021-07-27 17:56:51.072 - INFO - 1115 - azureml.train.automl._experiment_drivers.driver_utilities.start_remote_run:336 - Starting a snapshot run (snapshot_id : None)
2021-07-27 18:22:41.039 - INFO - 1115 - azureml.automl.runtime.distributed.utilities.horovod_initialized:70 - Horovod not found in current environment. Distribution via Horovod will be disabled.
2021-07-27 19:00:31.717 - INFO - 9169 - azureml.train.automl._experiment_drivers.driver_utilities.modify_run_configuration:199 - Package azureml-train-automl missing from dependencies file.
2021-07-27 19:00:31.729 - INFO - 9169 - azureml.train.automl._experiment_drivers.driver_utilities.modify_run_configuration:205 - Using pinned version: azureml-train-automl==1.31.0.*
2021-07-27 19:00:31.736 - INFO - 9169 - azureml.train.automl._experiment_drivers.driver_utilities.modify_run_configuration:199 - Package pandas missing from dependencies file.
2021-07-27 19:00:31.737 - INFO - 9169 - azureml.train.automl._experiment_drivers.driver_utilities.modify_run_configuration:205 - Using pinned version: pandas==0.25.1
2021-07-27 19:00:31.737 - INFO - 9169 - azureml.train.automl._experiment_drivers.driver_utilities.modify_run_configuration:199 - Package psutil missing from dependencies file.
2021-07-27 19:00:31.737 - INFO - 9169 - azureml.train.automl._experiment_drivers.driver_utilities.modify_run_configuration:205 - Using pinned version: psutil>5.0.0,<6.0.0
2021-07-27 19:00:31.738 - INFO - 9169 - azureml.train.automl._experiment_drivers.driver_utilities.modify_run_configuration:199 - Package scikit-learn missing from dependencies file.
2021-07-27 19:00:31.738 - INFO - 9169 - azureml.train.automl._experiment_drivers.driver_utilities.modify_run_configuration:205 - Using pinned version: scikit-learn==0.22.1
2021-07-27 19:00:31.738 - INFO - 9169 - azureml.train.automl._experiment_drivers.driver_utilities.modify_run_configuration:199 - Package numpy missing from dependencies file.
2021-07-27 19:00:31.738 - INFO - 9169 - azureml.train.automl._experiment_drivers.driver_utilities.modify_run_configuration:205 - Using pinned version: numpy~=1.18.0
2021-07-27 19:00:31.739 - INFO - 9169 - azureml.train.automl._experiment_drivers.driver_utilities.modify_run_configuration:199 - Package py-xgboost missing from dependencies file.
2021-07-27 19:00:31.739 - INFO - 9169 - azureml.train.automl._experiment_drivers.driver_utilities.modify_run_configuration:205 - Using pinned version: py-xgboost<=0.90
2021-07-27 19:00:31.739 - INFO - 9169 - azureml.train.automl._experiment_drivers.driver_utilities.modify_run_configuration:199 - Package inference-schema missing from dependencies file.
2021-07-27 19:00:31.740 - INFO - 9169 - azureml.train.automl._experiment_drivers.driver_utilities.modify_run_configuration:199 - Package fbprophet missing from dependencies file.
2021-07-27 19:00:31.740 - INFO - 9169 - azureml.train.automl._experiment_drivers.driver_utilities.modify_run_configuration:205 - Using pinned version: fbprophet==0.5
2021-07-27 19:00:31.740 - INFO - 9169 - azureml.train.automl._experiment_drivers.driver_utilities.modify_run_configuration:199 - Package setuptools-git missing from dependencies file.
2021-07-27 19:00:31.740 - INFO - 9169 - azureml.train.automl._experiment_drivers.driver_utilities.modify_run_configuration:209 - Using installed version: setuptools-git==1.2
2021-07-27 19:00:31.742 - INFO - 9169 - azureml.automl.core.dataset_utilities._save_datasets_to_json:131 - JSON serialization of input of type <class 'NoneType'> is un-supported.
2021-07-27 19:00:31.742 - INFO - 9169 - azureml.automl.core.dataset_utilities._save_datasets_to_json:131 - JSON serialization of input of type <class 'NoneType'> is un-supported.
2021-07-27 19:00:31.743 - INFO - 9169 - azureml.train.automl._experiment_drivers.driver_utilities.validate_input:124 - Start data validation.
2021-07-27 19:00:34.313 - INFO - 9169 - azureml.train.automl._experiment_drivers.driver_utilities.validate_input:137 - Validation service found the data has no errors.
2021-07-27 19:00:34.314 - INFO - 9169 - azureml.train.automl._experiment_drivers.driver_utilities.create_remote_parent_run:381 - Start creating parent run.
2021-07-27 19:00:34.575 - INFO - 9169 - azureml.train.automl._experiment_drivers.driver_utilities.create_remote_parent_run:401 - [ParentRunID:AutoML_f3fcaca6-201d-4f49-8008-c078bcb1f62d] Remote run using input X and y.
2021-07-27 19:00:34.705 - INFO - 9169 - azureml.train.automl._experiment_drivers.driver_utilities.start_remote_run:336 - Starting a snapshot run (snapshot_id : None)
2021-07-27 19:00:39.684 - INFO - 9169 - azureml.automl.runtime.distributed.utilities.horovod_initialized:70 - Horovod not found in current environment. Distribution via Horovod will be disabled.
2021-07-28 00:04:05.823 - INFO - 3718 - azureml.train.automl._experiment_drivers.driver_utilities.modify_run_configuration:199 - Package azureml-train-automl missing from dependencies file.
2021-07-28 00:04:05.865 - INFO - 3718 - azureml.train.automl._experiment_drivers.driver_utilities.modify_run_configuration:205 - Using pinned version: azureml-train-automl==1.31.0.*
2021-07-28 00:04:05.866 - INFO - 3718 - azureml.train.automl._experiment_drivers.driver_utilities.modify_run_configuration:199 - Package pandas missing from dependencies file.
2021-07-28 00:04:05.866 - INFO - 3718 - azureml.train.automl._experiment_drivers.driver_utilities.modify_run_configuration:205 - Using pinned version: pandas==0.25.1
2021-07-28 00:04:05.866 - INFO - 3718 - azureml.train.automl._experiment_drivers.driver_utilities.modify_run_configuration:199 - Package psutil missing from dependencies file.
2021-07-28 00:04:05.867 - INFO - 3718 - azureml.train.automl._experiment_drivers.driver_utilities.modify_run_configuration:205 - Using pinned version: psutil>5.0.0,<6.0.0
2021-07-28 00:04:05.867 - INFO - 3718 - azureml.train.automl._experiment_drivers.driver_utilities.modify_run_configuration:199 - Package scikit-learn missing from dependencies file.
2021-07-28 00:04:05.867 - INFO - 3718 - azureml.train.automl._experiment_drivers.driver_utilities.modify_run_configuration:205 - Using pinned version: scikit-learn==0.22.1
2021-07-28 00:04:05.867 - INFO - 3718 - azureml.train.automl._experiment_drivers.driver_utilities.modify_run_configuration:199 - Package numpy missing from dependencies file.
2021-07-28 00:04:05.868 - INFO - 3718 - azureml.train.automl._experiment_drivers.driver_utilities.modify_run_configuration:205 - Using pinned version: numpy~=1.18.0
2021-07-28 00:04:05.868 - INFO - 3718 - azureml.train.automl._experiment_drivers.driver_utilities.modify_run_configuration:199 - Package py-xgboost missing from dependencies file.
2021-07-28 00:04:05.868 - INFO - 3718 - azureml.train.automl._experiment_drivers.driver_utilities.modify_run_configuration:205 - Using pinned version: py-xgboost<=0.90
2021-07-28 00:04:05.869 - INFO - 3718 - azureml.train.automl._experiment_drivers.driver_utilities.modify_run_configuration:199 - Package inference-schema missing from dependencies file.
2021-07-28 00:04:05.869 - INFO - 3718 - azureml.train.automl._experiment_drivers.driver_utilities.modify_run_configuration:199 - Package fbprophet missing from dependencies file.
2021-07-28 00:04:05.869 - INFO - 3718 - azureml.train.automl._experiment_drivers.driver_utilities.modify_run_configuration:205 - Using pinned version: fbprophet==0.5
2021-07-28 00:04:05.870 - INFO - 3718 - azureml.train.automl._experiment_drivers.driver_utilities.modify_run_configuration:199 - Package setuptools-git missing from dependencies file.
2021-07-28 00:04:05.870 - INFO - 3718 - azureml.train.automl._experiment_drivers.driver_utilities.modify_run_configuration:209 - Using installed version: setuptools-git==1.2
2021-07-28 00:04:05.885 - INFO - 3718 - azureml.automl.core.dataset_utilities._save_datasets_to_json:131 - JSON serialization of input of type <class 'NoneType'> is un-supported.
2021-07-28 00:04:05.885 - INFO - 3718 - azureml.automl.core.dataset_utilities._save_datasets_to_json:131 - JSON serialization of input of type <class 'NoneType'> is un-supported.
2021-07-28 00:04:05.886 - INFO - 3718 - azureml.train.automl._experiment_drivers.driver_utilities.validate_input:124 - Start data validation.
2021-07-28 00:04:07.057 - INFO - 3718 - azureml.train.automl._experiment_drivers.driver_utilities.validate_input:137 - Validation service found the data has no errors.
2021-07-28 00:04:07.058 - INFO - 3718 - azureml.train.automl._experiment_drivers.driver_utilities.create_remote_parent_run:381 - Start creating parent run.
2021-07-28 00:04:07.269 - INFO - 3718 - azureml.train.automl._experiment_drivers.driver_utilities.create_remote_parent_run:401 - [ParentRunID:AutoML_5f84fc51-a209-4bae-a867-b016ddf108ef] Remote run using input X and y.
2021-07-28 00:04:07.637 - INFO - 3718 - azureml.train.automl._experiment_drivers.driver_utilities.start_remote_run:336 - Starting a snapshot run (snapshot_id : None)
2021-07-28 00:04:28.201 - INFO - 3718 - azureml.automl.runtime.distributed.utilities.horovod_initialized:70 - Horovod not found in current environment. Distribution via Horovod will be disabled.
